<?xml version="1.0" encoding="UTF-8"?>
<testsuite xmlns:xsi="http://www.w3.org/2001/XMLSchema-instance" xsi:noNamespaceSchemaLocation="https://maven.apache.org/surefire/maven-surefire-plugin/xsd/surefire-test-report-3.0.xsd" version="3.0" name="ConsultarProdutoTest" time="141.266" tests="1" errors="1" skipped="0" failures="0">
  <properties>
[...]
</properties>
  <testcase name="sampleTest" classname="ConsultarProdutoTest" time="141.253">
    <error message="Could not start a new session. Response code 500. Message: Infrastructure Error -- The Sauce VMs failed to start the browser or device.&#10;For more info, please check https://docs.saucelabs.com/dev/error-messages &#10;Host info: host: &apos;danillo&apos;, ip: &apos;192.168.15.23&apos;&#10;Build info: version: &apos;4.35.0&apos;, revision: &apos;1c58e5028b&apos;&#10;System info: os.name: &apos;Linux&apos;, os.arch: &apos;amd64&apos;, os.version: &apos;6.14.0-29-generic&apos;, java.version: &apos;17.0.9&apos;&#10;Driver info: io.appium.java_client.android.AndroidDriver&#10;Command: [null, newSession {capabilities=[Capabilities {appium:app: storage:filename=Calculator..., appium:appActivity: com.google.android.gms.comm..., appium:appPackage: com.google.android.calculator, appium:automationName: UiAutomator2, appium:connectHardwareKeyboard: true, appium:deviceName: Samsung Galaxy S9 FHD Googl..., appium:deviceOrientation: portrait, appium:ensureWebviewsHavePages: true, appium:nativeWebScreenshot: true, appium:newCommandTimeout: 3600, appium:platformVersion: 9.0, browserName: , platformName: ANDROID, sauce:options: {name: Appium Desktop Session -- V...}, unhandledPromptBehavior: ignore}]}]&#10;Capabilities {appium:app: storage:filename=Calculator..., appium:appActivity: com.google.android.gms.comm..., appium:appPackage: com.google.android.calculator, appium:automationName: UiAutomator2, appium:connectHardwareKeyboard: true, appium:deviceName: Samsung Galaxy S9 FHD Googl..., appium:deviceOrientation: portrait, appium:ensureWebviewsHavePages: true, appium:nativeWebScreenshot: true, appium:newCommandTimeout: 3600, appium:platformVersion: 9.0, browserName: , platformName: ANDROID, sauce:options: {name: Appium Desktop Session -- V...}, unhandledPromptBehavior: ignore}" type="org.openqa.selenium.SessionNotCreatedException"><![CDATA[org.openqa.selenium.SessionNotCreatedException: 
Could not start a new session. Response code 500. Message: Infrastructure Error -- The Sauce VMs failed to start the browser or device.
For more info, please check https://docs.saucelabs.com/dev/error-messages 
Host info: host: 'danillo', ip: '192.168.15.23'
Build info: version: '4.35.0', revision: '1c58e5028b'
System info: os.name: 'Linux', os.arch: 'amd64', os.version: '6.14.0-29-generic', java.version: '17.0.9'
Driver info: io.appium.java_client.android.AndroidDriver
Command: [null, newSession {capabilities=[Capabilities {appium:app: storage:filename=Calculator..., appium:appActivity: com.google.android.gms.comm..., appium:appPackage: com.google.android.calculator, appium:automationName: UiAutomator2, appium:connectHardwareKeyboard: true, appium:deviceName: Samsung Galaxy S9 FHD Googl..., appium:deviceOrientation: portrait, appium:ensureWebviewsHavePages: true, appium:nativeWebScreenshot: true, appium:newCommandTimeout: 3600, appium:platformVersion: 9.0, browserName: , platformName: ANDROID, sauce:options: {name: Appium Desktop Session -- V...}, unhandledPromptBehavior: ignore}]}]
Capabilities {appium:app: storage:filename=Calculator..., appium:appActivity: com.google.android.gms.comm..., appium:appPackage: com.google.android.calculator, appium:automationName: UiAutomator2, appium:connectHardwareKeyboard: true, appium:deviceName: Samsung Galaxy S9 FHD Googl..., appium:deviceOrientation: portrait, appium:ensureWebviewsHavePages: true, appium:nativeWebScreenshot: true, appium:newCommandTimeout: 3600, appium:platformVersion: 9.0, browserName: , platformName: ANDROID, sauce:options: {name: Appium Desktop Session -- V...}, unhandledPromptBehavior: ignore}
	at org.openqa.selenium.remote.ProtocolHandshake.createSession(ProtocolHandshake.java:114)
	at org.openqa.selenium.remote.ProtocolHandshake.createSession(ProtocolHandshake.java:75)
	at org.openqa.selenium.remote.ProtocolHandshake.createSession(ProtocolHandshake.java:61)
	at io.appium.java_client.remote.AppiumCommandExecutor.createSession(AppiumCommandExecutor.java:178)
	at io.appium.java_client.remote.AppiumCommandExecutor.execute(AppiumCommandExecutor.java:243)
	at org.openqa.selenium.remote.RemoteWebDriver.execute(RemoteWebDriver.java:557)
	at io.appium.java_client.AppiumDriver.startSession(AppiumDriver.java:308)
	at org.openqa.selenium.remote.RemoteWebDriver.<init>(RemoteWebDriver.java:174)
	at io.appium.java_client.AppiumDriver.<init>(AppiumDriver.java:98)
	at io.appium.java_client.AppiumDriver.<init>(AppiumDriver.java:109)
	at io.appium.java_client.android.AndroidDriver.<init>(AndroidDriver.java:108)
	at ConsultarProdutoTest.setUp(ConsultarProdutoTest.java:48)
	at java.base/java.lang.reflect.Method.invoke(Method.java:568)
	at java.base/java.util.ArrayList.forEach(ArrayList.java:1511)
	at java.base/java.util.ArrayList.forEach(ArrayList.java:1511)
]]></error>
  </testcase>
</testsuite>