<?xml version="1.0" encoding="UTF-8"?>
<testsuite xmlns:xsi="http://www.w3.org/2001/XMLSchema-instance" xsi:noNamespaceSchemaLocation="https://maven.apache.org/surefire/maven-surefire-plugin/xsd/surefire-test-report-3.0.xsd" version="3.0" name="runner.RunCucumberTest" time="0.097" tests="2" errors="2" skipped="0" failures="0">
  <properties>
[...]
</properties>
  <testcase name="Example #1.1" classname="Exemplos" time="0.048">
    <error message="The step &apos;que acesso o My Demo App&apos; and 6 other step(s) are undefined.&#10;You can implement these steps using the snippet(s) below:&#10;&#10;@Dado(&quot;que acesso o My Demo App&quot;)&#10;public void que_acesso_o_my_demo_app() {&#10;    // Write code here that turns the phrase above into concrete actions&#10;    throw new io.cucumber.java.PendingException();&#10;}&#10;@Dado(&quot;verifico o logo e nome da secao&quot;)&#10;public void verifico_o_logo_e_nome_da_secao() {&#10;    // Write code here that turns the phrase above into concrete actions&#10;    throw new io.cucumber.java.PendingException();&#10;}&#10;@Dado(&quot;localizo o {string} que na {int} esta na posicao {int} por {string}&quot;)&#10;public void localizo_o_que_na_esta_na_posicao_por(String string, Integer int1, Integer int2, String string2) {&#10;    // Write code here that turns the phrase above into concrete actions&#10;    throw new io.cucumber.java.PendingException();&#10;}&#10;@Quando(&quot;clico na imagem do {int}&quot;)&#10;public void clico_na_imagem_do(Integer int1) {&#10;    // Write code here that turns the phrase above into concrete actions&#10;    throw new io.cucumber.java.PendingException();&#10;}&#10;@Entao(&quot;na tela do produto verifico o {string} e o {string}&quot;)&#10;public void na_tela_do_produto_verifico_o_e_o(String string, String string2) {&#10;    // Write code here that turns the phrase above into concrete actions&#10;    throw new io.cucumber.java.PendingException();&#10;}&#10;@Quando(&quot;arrasto para cima e clico no botao Add Cart&quot;)&#10;public void arrasto_para_cima_e_clico_no_botao_add_cart() {&#10;    // Write code here that turns the phrase above into concrete actions&#10;    throw new io.cucumber.java.PendingException();&#10;}&#10;@Entao(&quot;na tela do carrinho verifico o {string} {string} e {int}&quot;)&#10;public void na_tela_do_carrinho_verifico_o_e(String string, String string2, Integer int1) {&#10;    // Write code here that turns the phrase above into concrete actions&#10;    throw new io.cucumber.java.PendingException();&#10;}&#10;" type="io.cucumber.junit.platform.engine.UndefinedStepException"><![CDATA[io.cucumber.junit.platform.engine.UndefinedStepException: 
The step 'que acesso o My Demo App' and 6 other step(s) are undefined.
You can implement these steps using the snippet(s) below:

@Dado("que acesso o My Demo App")
public void que_acesso_o_my_demo_app() {
    // Write code here that turns the phrase above into concrete actions
    throw new io.cucumber.java.PendingException();
}
@Dado("verifico o logo e nome da secao")
public void verifico_o_logo_e_nome_da_secao() {
    // Write code here that turns the phrase above into concrete actions
    throw new io.cucumber.java.PendingException();
}
@Dado("localizo o {string} que na {int} esta na posicao {int} por {string}")
public void localizo_o_que_na_esta_na_posicao_por(String string, Integer int1, Integer int2, String string2) {
    // Write code here that turns the phrase above into concrete actions
    throw new io.cucumber.java.PendingException();
}
@Quando("clico na imagem do {int}")
public void clico_na_imagem_do(Integer int1) {
    // Write code here that turns the phrase above into concrete actions
    throw new io.cucumber.java.PendingException();
}
@Entao("na tela do produto verifico o {string} e o {string}")
public void na_tela_do_produto_verifico_o_e_o(String string, String string2) {
    // Write code here that turns the phrase above into concrete actions
    throw new io.cucumber.java.PendingException();
}
@Quando("arrasto para cima e clico no botao Add Cart")
public void arrasto_para_cima_e_clico_no_botao_add_cart() {
    // Write code here that turns the phrase above into concrete actions
    throw new io.cucumber.java.PendingException();
}
@Entao("na tela do carrinho verifico o {string} {string} e {int}")
public void na_tela_do_carrinho_verifico_o_e(String string, String string2, Integer int1) {
    // Write code here that turns the phrase above into concrete actions
    throw new io.cucumber.java.PendingException();
}

	at io.cucumber.core.runtime.TestCaseResultObserver.assertTestCasePassed(TestCaseResultObserver.java:69)
	at io.cucumber.junit.platform.engine.TestCaseResultObserver.assertTestCasePassed(TestCaseResultObserver.java:22)
	at io.cucumber.junit.platform.engine.CucumberEngineExecutionContext.lambda$runTestCase$4(CucumberEngineExecutionContext.java:114)
	at io.cucumber.core.runtime.CucumberExecutionContext.lambda$runTestCase$5(CucumberExecutionContext.java:136)
	at io.cucumber.core.runtime.RethrowingThrowableCollector.executeAndThrow(RethrowingThrowableCollector.java:23)
	at io.cucumber.core.runtime.CucumberExecutionContext.runTestCase(CucumberExecutionContext.java:136)
	at io.cucumber.junit.platform.engine.CucumberEngineExecutionContext.runTestCase(CucumberEngineExecutionContext.java:109)
	at io.cucumber.junit.platform.engine.NodeDescriptor$PickleDescriptor.execute(NodeDescriptor.java:168)
	at io.cucumber.junit.platform.engine.NodeDescriptor$PickleDescriptor.execute(NodeDescriptor.java:90)
	at java.base/java.util.ArrayList.forEach(ArrayList.java:1511)
	at java.base/java.util.ArrayList.forEach(ArrayList.java:1511)
	at java.base/java.util.ArrayList.forEach(ArrayList.java:1511)
	at java.base/java.util.ArrayList.forEach(ArrayList.java:1511)
]]></error>
  </testcase>
  <testcase name="Example #1.2" classname="Exemplos" time="0.006">
    <error message="The step &apos;que acesso o My Demo App&apos; and 6 other step(s) are undefined.&#10;You can implement these steps using the snippet(s) below:&#10;&#10;@Dado(&quot;que acesso o My Demo App&quot;)&#10;public void que_acesso_o_my_demo_app() {&#10;    // Write code here that turns the phrase above into concrete actions&#10;    throw new io.cucumber.java.PendingException();&#10;}&#10;@Dado(&quot;verifico o logo e nome da secao&quot;)&#10;public void verifico_o_logo_e_nome_da_secao() {&#10;    // Write code here that turns the phrase above into concrete actions&#10;    throw new io.cucumber.java.PendingException();&#10;}&#10;@Dado(&quot;localizo o {string} que na {int} esta na posicao {int} por {string}&quot;)&#10;public void localizo_o_que_na_esta_na_posicao_por(String string, Integer int1, Integer int2, String string2) {&#10;    // Write code here that turns the phrase above into concrete actions&#10;    throw new io.cucumber.java.PendingException();&#10;}&#10;@Quando(&quot;clico na imagem do {int}&quot;)&#10;public void clico_na_imagem_do(Integer int1) {&#10;    // Write code here that turns the phrase above into concrete actions&#10;    throw new io.cucumber.java.PendingException();&#10;}&#10;@Entao(&quot;na tela do produto verifico o {string} e o {string}&quot;)&#10;public void na_tela_do_produto_verifico_o_e_o(String string, String string2) {&#10;    // Write code here that turns the phrase above into concrete actions&#10;    throw new io.cucumber.java.PendingException();&#10;}&#10;@Quando(&quot;arrasto para cima e clico no botao Add Cart&quot;)&#10;public void arrasto_para_cima_e_clico_no_botao_add_cart() {&#10;    // Write code here that turns the phrase above into concrete actions&#10;    throw new io.cucumber.java.PendingException();&#10;}&#10;@Entao(&quot;na tela do carrinho verifico o {string} {string} e {int}&quot;)&#10;public void na_tela_do_carrinho_verifico_o_e(String string, String string2, Integer int1) {&#10;    // Write code here that turns the phrase above into concrete actions&#10;    throw new io.cucumber.java.PendingException();&#10;}&#10;" type="io.cucumber.junit.platform.engine.UndefinedStepException"><![CDATA[io.cucumber.junit.platform.engine.UndefinedStepException: 
The step 'que acesso o My Demo App' and 6 other step(s) are undefined.
You can implement these steps using the snippet(s) below:

@Dado("que acesso o My Demo App")
public void que_acesso_o_my_demo_app() {
    // Write code here that turns the phrase above into concrete actions
    throw new io.cucumber.java.PendingException();
}
@Dado("verifico o logo e nome da secao")
public void verifico_o_logo_e_nome_da_secao() {
    // Write code here that turns the phrase above into concrete actions
    throw new io.cucumber.java.PendingException();
}
@Dado("localizo o {string} que na {int} esta na posicao {int} por {string}")
public void localizo_o_que_na_esta_na_posicao_por(String string, Integer int1, Integer int2, String string2) {
    // Write code here that turns the phrase above into concrete actions
    throw new io.cucumber.java.PendingException();
}
@Quando("clico na imagem do {int}")
public void clico_na_imagem_do(Integer int1) {
    // Write code here that turns the phrase above into concrete actions
    throw new io.cucumber.java.PendingException();
}
@Entao("na tela do produto verifico o {string} e o {string}")
public void na_tela_do_produto_verifico_o_e_o(String string, String string2) {
    // Write code here that turns the phrase above into concrete actions
    throw new io.cucumber.java.PendingException();
}
@Quando("arrasto para cima e clico no botao Add Cart")
public void arrasto_para_cima_e_clico_no_botao_add_cart() {
    // Write code here that turns the phrase above into concrete actions
    throw new io.cucumber.java.PendingException();
}
@Entao("na tela do carrinho verifico o {string} {string} e {int}")
public void na_tela_do_carrinho_verifico_o_e(String string, String string2, Integer int1) {
    // Write code here that turns the phrase above into concrete actions
    throw new io.cucumber.java.PendingException();
}

	at io.cucumber.core.runtime.TestCaseResultObserver.assertTestCasePassed(TestCaseResultObserver.java:69)
	at io.cucumber.junit.platform.engine.TestCaseResultObserver.assertTestCasePassed(TestCaseResultObserver.java:22)
	at io.cucumber.junit.platform.engine.CucumberEngineExecutionContext.lambda$runTestCase$4(CucumberEngineExecutionContext.java:114)
	at io.cucumber.core.runtime.CucumberExecutionContext.lambda$runTestCase$5(CucumberExecutionContext.java:136)
	at io.cucumber.core.runtime.RethrowingThrowableCollector.executeAndThrow(RethrowingThrowableCollector.java:23)
	at io.cucumber.core.runtime.CucumberExecutionContext.runTestCase(CucumberExecutionContext.java:136)
	at io.cucumber.junit.platform.engine.CucumberEngineExecutionContext.runTestCase(CucumberEngineExecutionContext.java:109)
	at io.cucumber.junit.platform.engine.NodeDescriptor$PickleDescriptor.execute(NodeDescriptor.java:168)
	at io.cucumber.junit.platform.engine.NodeDescriptor$PickleDescriptor.execute(NodeDescriptor.java:90)
	at java.base/java.util.ArrayList.forEach(ArrayList.java:1511)
	at java.base/java.util.ArrayList.forEach(ArrayList.java:1511)
	at java.base/java.util.ArrayList.forEach(ArrayList.java:1511)
	at java.base/java.util.ArrayList.forEach(ArrayList.java:1511)
]]></error>
  </testcase>
</testsuite>