-------------------------------------------------------------------------------
Test set: ConsultarProdutoTest
-------------------------------------------------------------------------------
Tests run: 1, Failures: 0, Errors: 1, Skipped: 0, Time elapsed: 2.794 s <<< FAILURE! -- in ConsultarProdutoTest
ConsultarProdutoTest.sampleTest -- Time elapsed: 2.773 s <<< ERROR!
org.openqa.selenium.SessionNotCreatedException: 
Could not start a new session. Response code 400. Message: CCYAbuse - Job not started. Your organization has reached its concurrent session limit. Contact your administrator or sales@saucelabs.com to upgrade. 
Host info: host: 'danillo', ip: '192.168.15.23'
Build info: version: '4.10.0', revision: 'c14d967899'
System info: os.name: 'Linux', os.arch: 'amd64', os.version: '6.14.0-29-generic', java.version: '17.0.9'
Driver info: io.appium.java_client.android.AndroidDriver
Command: [null, newSession {capabilities=[{appium:newCommandTimeout=3600, appium:nativeWebScreenshot=true, unhandledPromptBehavior=ignore, webSocketUrl=true, appium:automationName=UiAutomator2, appium:platformVersion=9.0, sauce:options={name=Appium Desktop Session -- Sep 9, 2025 9:55 PM}, appium:connectHardwareKeyboard=true, appium:deviceOrientation=portrait, browserName=, appium:appActivity=com.saucelabs.mydemoapp.android.view.activities.SplashActivity, appium:deviceName=Samsung Galaxy S9 FHD GoogleAPI Emulator, platformName=ANDROID, appium:app=storage:filename=mda-2.2.0-25.apk, appium:appPackage=com.saucelabs.mydemoapp.android, appium:ensureWebviewsHavePages=true}], desiredCapabilities=Capabilities {appium:app: storage:filename=mda-2.2.0-..., appium:appActivity: com.saucelabs.mydemoapp.and..., appium:appPackage: com.saucelabs.mydemoapp.and..., appium:automationName: UiAutomator2, appium:connectHardwareKeyboard: true, appium:deviceName: Samsung Galaxy S9 FHD Googl..., appium:deviceOrientation: portrait, appium:ensureWebviewsHavePages: true, appium:nativeWebScreenshot: true, appium:newCommandTimeout: 3600, appium:platformVersion: 9.0, browserName: , platformName: ANDROID, sauce:options: {name: Appium Desktop Session -- S...}, unhandledPromptBehavior: ignore, webSocketUrl: true}}]
Capabilities {appium:app: storage:filename=mda-2.2.0-..., appium:appActivity: com.saucelabs.mydemoapp.and..., appium:appPackage: com.saucelabs.mydemoapp.and..., appium:automationName: UiAutomator2, appium:connectHardwareKeyboard: true, appium:deviceName: Samsung Galaxy S9 FHD Googl..., appium:deviceOrientation: portrait, appium:ensureWebviewsHavePages: true, appium:nativeWebScreenshot: true, appium:newCommandTimeout: 3600, appium:platformVersion: 9.0, browserName: , platformName: ANDROID, sauce:options: {name: Appium Desktop Session -- S...}, unhandledPromptBehavior: ignore, webSocketUrl: true}
	at org.openqa.selenium.remote.ProtocolHandshake.createSession(ProtocolHandshake.java:140)
	at java.base/jdk.internal.reflect.NativeMethodAccessorImpl.invoke0(Native Method)
	at java.base/jdk.internal.reflect.NativeMethodAccessorImpl.invoke(NativeMethodAccessorImpl.java:77)
	at java.base/jdk.internal.reflect.DelegatingMethodAccessorImpl.invoke(DelegatingMethodAccessorImpl.java:43)
	at java.base/java.lang.reflect.Method.invoke(Method.java:568)
	at io.appium.java_client.remote.AppiumProtocolHandshake.createSession(AppiumProtocolHandshake.java:133)
	at io.appium.java_client.remote.AppiumProtocolHandshake.createSession(AppiumProtocolHandshake.java:102)
	at io.appium.java_client.remote.AppiumCommandExecutor.createSession(AppiumCommandExecutor.java:182)
	at io.appium.java_client.remote.AppiumCommandExecutor.execute(AppiumCommandExecutor.java:250)
	at org.openqa.selenium.remote.RemoteWebDriver.execute(RemoteWebDriver.java:531)
	at io.appium.java_client.AppiumDriver.startSession(AppiumDriver.java:274)
	at org.openqa.selenium.remote.RemoteWebDriver.<init>(RemoteWebDriver.java:154)
	at io.appium.java_client.AppiumDriver.<init>(AppiumDriver.java:89)
	at io.appium.java_client.AppiumDriver.<init>(AppiumDriver.java:101)
	at io.appium.java_client.android.AndroidDriver.<init>(AndroidDriver.java:113)
	at ConsultarProdutoTest.setUp(ConsultarProdutoTest.java:46)
	at java.base/java.lang.reflect.Method.invoke(Method.java:568)
	at java.base/java.util.ArrayList.forEach(ArrayList.java:1511)
	at java.base/java.util.ArrayList.forEach(ArrayList.java:1511)

