-------------------------------------------------------------------------------
Test set: runner.RunCucumberTest
-------------------------------------------------------------------------------
Tests run: 2, Failures: 0, Errors: 2, Skipped: 0, Time elapsed: 57.454 s <<< FAILURE! - in runner.RunCucumberTest
Exemplos.Example #1.1  Time elapsed: 55.357 s  <<< ERROR!
org.openqa.selenium.bidi.BiDiException: 
BiDi cannot be enabled for this driver session. Is the webSocketUrl 'true' received from the create session response valid?
Build info: version: '4.35.0', revision: '1c58e5028b'
System info: os.name: 'Linux', os.arch: 'amd64', os.version: '6.14.0-29-generic', java.version: '17.0.9'
Driver info: BiDi Connection
	at io.appium.java_client.AppiumDriver.initBiDi(AppiumDriver.java:410)
	at io.appium.java_client.AppiumDriver.startSession(AppiumDriver.java:339)
	at org.openqa.selenium.remote.RemoteWebDriver.<init>(RemoteWebDriver.java:174)
	at io.appium.java_client.AppiumDriver.<init>(AppiumDriver.java:98)
	at io.appium.java_client.AppiumDriver.<init>(AppiumDriver.java:109)
	at io.appium.java_client.android.AndroidDriver.<init>(AndroidDriver.java:108)
	at steps.ComprarProduto.iniciar(ComprarProduto.java:58)

Exemplos.Example #1.2  Time elapsed: 1.745 s  <<< ERROR!
org.openqa.selenium.SessionNotCreatedException: 
Could not start a new session. Response code 400. Message: CCYAbuse - Job not started. Your organization has reached its concurrent session limit. Contact your administrator or sales@saucelabs.com to upgrade. 
Host info: host: 'danillo', ip: '10.200.1.135'
Build info: version: '4.35.0', revision: '1c58e5028b'
System info: os.name: 'Linux', os.arch: 'amd64', os.version: '6.14.0-29-generic', java.version: '17.0.9'
Driver info: io.appium.java_client.android.AndroidDriver
Command: [null, newSession {capabilities=[Capabilities {appium:app: storage:filename=mda-2.2.0-..., appium:appActivity: com.saucelabs.mydemoapp.and..., appium:appPackage: com.saucelabs.mydemoapp.and..., appium:automationName: UiAutomator2, appium:connectHardwareKeyboard: true, appium:deviceName: Samsung Galaxy S9 FHD Googl..., appium:deviceOrientation: portrait, appium:ensureWebviewsHavePages: true, appium:nativeWebScreenshot: true, appium:newCommandTimeout: 3600, appium:platformVersion: 9.0, browserName: , platformName: ANDROID, sauce:options: {name: Appium Desktop Session -- S...}, unhandledPromptBehavior: ignore, webSocketUrl: true}]}]
Capabilities {appium:app: storage:filename=mda-2.2.0-..., appium:appActivity: com.saucelabs.mydemoapp.and..., appium:appPackage: com.saucelabs.mydemoapp.and..., appium:automationName: UiAutomator2, appium:connectHardwareKeyboard: true, appium:deviceName: Samsung Galaxy S9 FHD Googl..., appium:deviceOrientation: portrait, appium:ensureWebviewsHavePages: true, appium:nativeWebScreenshot: true, appium:newCommandTimeout: 3600, appium:platformVersion: 9.0, browserName: , platformName: ANDROID, sauce:options: {name: Appium Desktop Session -- S...}, unhandledPromptBehavior: ignore, webSocketUrl: true}
	at org.openqa.selenium.remote.ProtocolHandshake.createSession(ProtocolHandshake.java:114)
	at org.openqa.selenium.remote.ProtocolHandshake.createSession(ProtocolHandshake.java:75)
	at org.openqa.selenium.remote.ProtocolHandshake.createSession(ProtocolHandshake.java:61)
	at io.appium.java_client.remote.AppiumCommandExecutor.createSession(AppiumCommandExecutor.java:178)
	at io.appium.java_client.remote.AppiumCommandExecutor.execute(AppiumCommandExecutor.java:243)
	at org.openqa.selenium.remote.RemoteWebDriver.execute(RemoteWebDriver.java:557)
	at io.appium.java_client.AppiumDriver.startSession(AppiumDriver.java:308)
	at org.openqa.selenium.remote.RemoteWebDriver.<init>(RemoteWebDriver.java:174)
	at io.appium.java_client.AppiumDriver.<init>(AppiumDriver.java:98)
	at io.appium.java_client.AppiumDriver.<init>(AppiumDriver.java:109)
	at io.appium.java_client.android.AndroidDriver.<init>(AndroidDriver.java:108)
	at steps.ComprarProduto.iniciar(ComprarProduto.java:58)

