-------------------------------------------------------------------------------
Test set: runner.RunCucumberTest
-------------------------------------------------------------------------------
Tests run: 1, Failures: 1, Errors: 0, Skipped: 0, Time elapsed: 75.17 s <<< FAILURE! - in runner.RunCucumberTest
Comprar Produto - Compra com Sucesso - Exemplos.Comprar Produto - Compra com Sucesso - Exemplos - Example #1.1  Time elapsed: 74.789 s  <<< FAILURE!
org.opentest4j.AssertionFailedError: expected: <1> but was: <1 Items>
	at steps.ComprarProduto.na_tela_do_carrinho_verifico_o_e(ComprarProduto.java:152)
	at âœ½.na tela do carrinho verifico o "Sauce Labs Backpack" "$ 29.99" e 1(classpath:features/ComprarProduto.feature:13)

