<?xml version="1.0" encoding="UTF-8"?>
<testsuite xmlns:xsi="http://www.w3.org/2001/XMLSchema-instance" xsi:noNamespaceSchemaLocation="https://maven.apache.org/surefire/maven-surefire-plugin/xsd/surefire-test-report-3.0.xsd" version="3.0" name="runner.RunCucumberTest" time="105.484" tests="2" errors="2" skipped="0" failures="0">
  <properties>
[...]
</properties>
  <testcase name="Comprar Produto - Compra com Sucesso - Exemplos - Example #1.1" classname="Comprar Produto - Compra com Sucesso - Exemplos" time="54.96">
    <error message="The step &apos;localizo o Sauce Labs Backpack que esta na posicao 1 por $ 29.99&apos; and 2 other step(s) are undefined.&#10;You can implement these steps using the snippet(s) below:&#10;&#10;@Dado(&quot;localizo o Sauce Labs Backpack que esta na posicao {int} por $ {double}&quot;)&#10;public void localizo_o_sauce_labs_backpack_que_esta_na_posicao_por_$(Integer int1, Double double1) {&#10;    // Write code here that turns the phrase above into concrete actions&#10;    throw new io.cucumber.java.PendingException();&#10;}&#10;@Entao(&quot;na tela do produto verifico o Sauce Labs Backpack e o $ {double}&quot;)&#10;public void na_tela_do_produto_verifico_o_sauce_labs_backpack_e_o_$(Double double1) {&#10;    // Write code here that turns the phrase above into concrete actions&#10;    throw new io.cucumber.java.PendingException();&#10;}&#10;@Entao(&quot;na tela do carrinho verifico o Sauce Labs Backpack $ {double} e {int}&quot;)&#10;public void na_tela_do_carrinho_verifico_o_sauce_labs_backpack_$_e(Double double1, Integer int1) {&#10;    // Write code here that turns the phrase above into concrete actions&#10;    throw new io.cucumber.java.PendingException();&#10;}&#10;" type="io.cucumber.junit.platform.engine.UndefinedStepException"><![CDATA[io.cucumber.junit.platform.engine.UndefinedStepException: 
The step 'localizo o Sauce Labs Backpack que esta na posicao 1 por $ 29.99' and 2 other step(s) are undefined.
You can implement these steps using the snippet(s) below:

@Dado("localizo o Sauce Labs Backpack que esta na posicao {int} por $ {double}")
public void localizo_o_sauce_labs_backpack_que_esta_na_posicao_por_$(Integer int1, Double double1) {
    // Write code here that turns the phrase above into concrete actions
    throw new io.cucumber.java.PendingException();
}
@Entao("na tela do produto verifico o Sauce Labs Backpack e o $ {double}")
public void na_tela_do_produto_verifico_o_sauce_labs_backpack_e_o_$(Double double1) {
    // Write code here that turns the phrase above into concrete actions
    throw new io.cucumber.java.PendingException();
}
@Entao("na tela do carrinho verifico o Sauce Labs Backpack $ {double} e {int}")
public void na_tela_do_carrinho_verifico_o_sauce_labs_backpack_$_e(Double double1, Integer int1) {
    // Write code here that turns the phrase above into concrete actions
    throw new io.cucumber.java.PendingException();
}

	at io.cucumber.core.runtime.TestCaseResultObserver.assertTestCasePassed(TestCaseResultObserver.java:69)
	at io.cucumber.junit.platform.engine.TestCaseResultObserver.assertTestCasePassed(TestCaseResultObserver.java:22)
	at io.cucumber.junit.platform.engine.CucumberEngineExecutionContext.lambda$runTestCase$4(CucumberEngineExecutionContext.java:114)
	at io.cucumber.core.runtime.CucumberExecutionContext.lambda$runTestCase$5(CucumberExecutionContext.java:137)
	at io.cucumber.core.runtime.RethrowingThrowableCollector.executeAndThrow(RethrowingThrowableCollector.java:23)
	at io.cucumber.core.runtime.CucumberExecutionContext.runTestCase(CucumberExecutionContext.java:137)
	at io.cucumber.junit.platform.engine.CucumberEngineExecutionContext.runTestCase(CucumberEngineExecutionContext.java:109)
	at io.cucumber.junit.platform.engine.NodeDescriptor$PickleDescriptor.execute(NodeDescriptor.java:168)
	at io.cucumber.junit.platform.engine.NodeDescriptor$PickleDescriptor.execute(NodeDescriptor.java:90)
	at java.base/java.util.ArrayList.forEach(ArrayList.java:1511)
	at java.base/java.util.ArrayList.forEach(ArrayList.java:1511)
	at java.base/java.util.ArrayList.forEach(ArrayList.java:1511)
	at java.base/java.util.ArrayList.forEach(ArrayList.java:1511)
]]></error>
  </testcase>
  <testcase name="Comprar Produto - Compra com Sucesso - Exemplos - Example #1.2" classname="Comprar Produto - Compra com Sucesso - Exemplos" time="50.095">
    <error message="The step &apos;localizo o Sauce Labs Bike Light que esta na posicao 6 por $ 9.99&apos; and 2 other step(s) are undefined.&#10;You can implement these steps using the snippet(s) below:&#10;&#10;@Dado(&quot;localizo o Sauce Labs Bike Light que esta na posicao {int} por $ {double}&quot;)&#10;public void localizo_o_sauce_labs_bike_light_que_esta_na_posicao_por_$(Integer int1, Double double1) {&#10;    // Write code here that turns the phrase above into concrete actions&#10;    throw new io.cucumber.java.PendingException();&#10;}&#10;@Entao(&quot;na tela do produto verifico o Sauce Labs Bike Light e o $ {double}&quot;)&#10;public void na_tela_do_produto_verifico_o_sauce_labs_bike_light_e_o_$(Double double1) {&#10;    // Write code here that turns the phrase above into concrete actions&#10;    throw new io.cucumber.java.PendingException();&#10;}&#10;@Entao(&quot;na tela do carrinho verifico o Sauce Labs Bike Light $ {double} e {int}&quot;)&#10;public void na_tela_do_carrinho_verifico_o_sauce_labs_bike_light_$_e(Double double1, Integer int1) {&#10;    // Write code here that turns the phrase above into concrete actions&#10;    throw new io.cucumber.java.PendingException();&#10;}&#10;" type="io.cucumber.junit.platform.engine.UndefinedStepException"><![CDATA[io.cucumber.junit.platform.engine.UndefinedStepException: 
The step 'localizo o Sauce Labs Bike Light que esta na posicao 6 por $ 9.99' and 2 other step(s) are undefined.
You can implement these steps using the snippet(s) below:

@Dado("localizo o Sauce Labs Bike Light que esta na posicao {int} por $ {double}")
public void localizo_o_sauce_labs_bike_light_que_esta_na_posicao_por_$(Integer int1, Double double1) {
    // Write code here that turns the phrase above into concrete actions
    throw new io.cucumber.java.PendingException();
}
@Entao("na tela do produto verifico o Sauce Labs Bike Light e o $ {double}")
public void na_tela_do_produto_verifico_o_sauce_labs_bike_light_e_o_$(Double double1) {
    // Write code here that turns the phrase above into concrete actions
    throw new io.cucumber.java.PendingException();
}
@Entao("na tela do carrinho verifico o Sauce Labs Bike Light $ {double} e {int}")
public void na_tela_do_carrinho_verifico_o_sauce_labs_bike_light_$_e(Double double1, Integer int1) {
    // Write code here that turns the phrase above into concrete actions
    throw new io.cucumber.java.PendingException();
}

	at io.cucumber.core.runtime.TestCaseResultObserver.assertTestCasePassed(TestCaseResultObserver.java:69)
	at io.cucumber.junit.platform.engine.TestCaseResultObserver.assertTestCasePassed(TestCaseResultObserver.java:22)
	at io.cucumber.junit.platform.engine.CucumberEngineExecutionContext.lambda$runTestCase$4(CucumberEngineExecutionContext.java:114)
	at io.cucumber.core.runtime.CucumberExecutionContext.lambda$runTestCase$5(CucumberExecutionContext.java:137)
	at io.cucumber.core.runtime.RethrowingThrowableCollector.executeAndThrow(RethrowingThrowableCollector.java:23)
	at io.cucumber.core.runtime.CucumberExecutionContext.runTestCase(CucumberExecutionContext.java:137)
	at io.cucumber.junit.platform.engine.CucumberEngineExecutionContext.runTestCase(CucumberEngineExecutionContext.java:109)
	at io.cucumber.junit.platform.engine.NodeDescriptor$PickleDescriptor.execute(NodeDescriptor.java:168)
	at io.cucumber.junit.platform.engine.NodeDescriptor$PickleDescriptor.execute(NodeDescriptor.java:90)
	at java.base/java.util.ArrayList.forEach(ArrayList.java:1511)
	at java.base/java.util.ArrayList.forEach(ArrayList.java:1511)
	at java.base/java.util.ArrayList.forEach(ArrayList.java:1511)
	at java.base/java.util.ArrayList.forEach(ArrayList.java:1511)
]]></error>
  </testcase>
</testsuite>