<?xml version="1.0" encoding="UTF-8"?>
<testsuite xmlns:xsi="http://www.w3.org/2001/XMLSchema-instance" xsi:noNamespaceSchemaLocation="https://maven.apache.org/surefire/maven-surefire-plugin/xsd/surefire-test-report-3.0.xsd" version="3.0" name="runner.RunCucumberTest" time="101.688" tests="2" errors="0" skipped="0" failures="2">
  <properties>
[...]
</properties>
  <testcase name="Comprar Produto - Compra com Sucesso - Exemplos - Example #1.1" classname="Comprar Produto - Compra com Sucesso - Exemplos" time="47.933">
    <failure message="expected: &lt;Products&gt; but was: &lt;Sauce Labs Backpack&gt;" type="org.opentest4j.AssertionFailedError"><![CDATA[org.opentest4j.AssertionFailedError: expected: <Products> but was: <Sauce Labs Backpack>
	at steps.ComprarProduto.verifico_o_logo_e_nome_da_secao(ComprarProduto.java:86)
	at ✽.verifico o logo e nome da secao(classpath:features/ComprarProduto.feature:8)
]]></failure>
  </testcase>
  <testcase name="Comprar Produto - Compra com Sucesso - Exemplos - Example #1.2" classname="Comprar Produto - Compra com Sucesso - Exemplos" time="53.562">
    <failure message="expected: &lt;Products&gt; but was: &lt;Sauce Labs Backpack&gt;" type="org.opentest4j.AssertionFailedError"><![CDATA[org.opentest4j.AssertionFailedError: expected: <Products> but was: <Sauce Labs Backpack>
	at steps.ComprarProduto.verifico_o_logo_e_nome_da_secao(ComprarProduto.java:86)
	at ✽.verifico o logo e nome da secao(classpath:features/ComprarProduto.feature:8)
]]></failure>
  </testcase>
</testsuite>