<?xml version="1.0" encoding="UTF-8"?>
<testsuite xmlns:xsi="http://www.w3.org/2001/XMLSchema-instance" xsi:noNamespaceSchemaLocation="https://maven.apache.org/surefire/maven-surefire-plugin/xsd/surefire-test-report-3.0.xsd" version="3.0" name="ConsultarProdutoTest" time="2.064" tests="1" errors="1" skipped="0" failures="0">
  <properties>
[...]
</properties>
  <testcase name="sampleTest" classname="ConsultarProdutoTest" time="2.046">
    <error message="Could not start a new session. Response code 400. Message: CCYAbuse - Job not started. Your organization has reached its concurrent session limit. Contact your administrator or sales@saucelabs.com to upgrade. &#10;Host info: host: &apos;danillo&apos;, ip: &apos;192.168.15.23&apos;&#10;Build info: version: &apos;4.10.0&apos;, revision: &apos;c14d967899&apos;&#10;System info: os.name: &apos;Linux&apos;, os.arch: &apos;amd64&apos;, os.version: &apos;6.14.0-29-generic&apos;, java.version: &apos;17.0.9&apos;&#10;Driver info: io.appium.java_client.android.AndroidDriver&#10;Command: [null, newSession {capabilities=[{appium:newCommandTimeout=3600, appium:nativeWebScreenshot=true, unhandledPromptBehavior=ignore, webSocketUrl=true, appium:automationName=UiAutomator2, appium:platformVersion=9.0, sauce:options={name=Appium Desktop Session -- Sep 9, 2025 9:55 PM}, appium:connectHardwareKeyboard=true, appium:deviceOrientation=portrait, browserName=, appium:appActivity=com.saucelabs.mydemoapp.android.view.activities.SplashActivity, appium:deviceName=Samsung Galaxy S9 FHD GoogleAPI Emulator, platformName=ANDROID, appium:app=storage:filename=mda-2.2.0-25.apk, appium:appPackage=com.saucelabs.mydemoapp.android, appium:ensureWebviewsHavePages=true}], desiredCapabilities=Capabilities {appium:app: storage:filename=mda-2.2.0-..., appium:appActivity: com.saucelabs.mydemoapp.and..., appium:appPackage: com.saucelabs.mydemoapp.and..., appium:automationName: UiAutomator2, appium:connectHardwareKeyboard: true, appium:deviceName: Samsung Galaxy S9 FHD Googl..., appium:deviceOrientation: portrait, appium:ensureWebviewsHavePages: true, appium:nativeWebScreenshot: true, appium:newCommandTimeout: 3600, appium:platformVersion: 9.0, browserName: , platformName: ANDROID, sauce:options: {name: Appium Desktop Session -- S...}, unhandledPromptBehavior: ignore, webSocketUrl: true}}]&#10;Capabilities {appium:app: storage:filename=mda-2.2.0-..., appium:appActivity: com.saucelabs.mydemoapp.and..., appium:appPackage: com.saucelabs.mydemoapp.and..., appium:automationName: UiAutomator2, appium:connectHardwareKeyboard: true, appium:deviceName: Samsung Galaxy S9 FHD Googl..., appium:deviceOrientation: portrait, appium:ensureWebviewsHavePages: true, appium:nativeWebScreenshot: true, appium:newCommandTimeout: 3600, appium:platformVersion: 9.0, browserName: , platformName: ANDROID, sauce:options: {name: Appium Desktop Session -- S...}, unhandledPromptBehavior: ignore, webSocketUrl: true}" type="org.openqa.selenium.SessionNotCreatedException"><![CDATA[org.openqa.selenium.SessionNotCreatedException: 
Could not start a new session. Response code 400. Message: CCYAbuse - Job not started. Your organization has reached its concurrent session limit. Contact your administrator or sales@saucelabs.com to upgrade. 
Host info: host: 'danillo', ip: '192.168.15.23'
Build info: version: '4.10.0', revision: 'c14d967899'
System info: os.name: 'Linux', os.arch: 'amd64', os.version: '6.14.0-29-generic', java.version: '17.0.9'
Driver info: io.appium.java_client.android.AndroidDriver
Command: [null, newSession {capabilities=[{appium:newCommandTimeout=3600, appium:nativeWebScreenshot=true, unhandledPromptBehavior=ignore, webSocketUrl=true, appium:automationName=UiAutomator2, appium:platformVersion=9.0, sauce:options={name=Appium Desktop Session -- Sep 9, 2025 9:55 PM}, appium:connectHardwareKeyboard=true, appium:deviceOrientation=portrait, browserName=, appium:appActivity=com.saucelabs.mydemoapp.android.view.activities.SplashActivity, appium:deviceName=Samsung Galaxy S9 FHD GoogleAPI Emulator, platformName=ANDROID, appium:app=storage:filename=mda-2.2.0-25.apk, appium:appPackage=com.saucelabs.mydemoapp.android, appium:ensureWebviewsHavePages=true}], desiredCapabilities=Capabilities {appium:app: storage:filename=mda-2.2.0-..., appium:appActivity: com.saucelabs.mydemoapp.and..., appium:appPackage: com.saucelabs.mydemoapp.and..., appium:automationName: UiAutomator2, appium:connectHardwareKeyboard: true, appium:deviceName: Samsung Galaxy S9 FHD Googl..., appium:deviceOrientation: portrait, appium:ensureWebviewsHavePages: true, appium:nativeWebScreenshot: true, appium:newCommandTimeout: 3600, appium:platformVersion: 9.0, browserName: , platformName: ANDROID, sauce:options: {name: Appium Desktop Session -- S...}, unhandledPromptBehavior: ignore, webSocketUrl: true}}]
Capabilities {appium:app: storage:filename=mda-2.2.0-..., appium:appActivity: com.saucelabs.mydemoapp.and..., appium:appPackage: com.saucelabs.mydemoapp.and..., appium:automationName: UiAutomator2, appium:connectHardwareKeyboard: true, appium:deviceName: Samsung Galaxy S9 FHD Googl..., appium:deviceOrientation: portrait, appium:ensureWebviewsHavePages: true, appium:nativeWebScreenshot: true, appium:newCommandTimeout: 3600, appium:platformVersion: 9.0, browserName: , platformName: ANDROID, sauce:options: {name: Appium Desktop Session -- S...}, unhandledPromptBehavior: ignore, webSocketUrl: true}
	at org.openqa.selenium.remote.ProtocolHandshake.createSession(ProtocolHandshake.java:140)
	at java.base/jdk.internal.reflect.NativeMethodAccessorImpl.invoke0(Native Method)
	at java.base/jdk.internal.reflect.NativeMethodAccessorImpl.invoke(NativeMethodAccessorImpl.java:77)
	at java.base/jdk.internal.reflect.DelegatingMethodAccessorImpl.invoke(DelegatingMethodAccessorImpl.java:43)
	at java.base/java.lang.reflect.Method.invoke(Method.java:568)
	at io.appium.java_client.remote.AppiumProtocolHandshake.createSession(AppiumProtocolHandshake.java:133)
	at io.appium.java_client.remote.AppiumProtocolHandshake.createSession(AppiumProtocolHandshake.java:102)
	at io.appium.java_client.remote.AppiumCommandExecutor.createSession(AppiumCommandExecutor.java:182)
	at io.appium.java_client.remote.AppiumCommandExecutor.execute(AppiumCommandExecutor.java:250)
	at org.openqa.selenium.remote.RemoteWebDriver.execute(RemoteWebDriver.java:531)
	at io.appium.java_client.AppiumDriver.startSession(AppiumDriver.java:274)
	at org.openqa.selenium.remote.RemoteWebDriver.<init>(RemoteWebDriver.java:154)
	at io.appium.java_client.AppiumDriver.<init>(AppiumDriver.java:89)
	at io.appium.java_client.AppiumDriver.<init>(AppiumDriver.java:101)
	at io.appium.java_client.android.AndroidDriver.<init>(AndroidDriver.java:113)
	at ConsultarProdutoTest.setUp(ConsultarProdutoTest.java:47)
	at java.base/java.lang.reflect.Method.invoke(Method.java:568)
	at java.base/java.util.ArrayList.forEach(ArrayList.java:1511)
	at java.base/java.util.ArrayList.forEach(ArrayList.java:1511)
	Suppressed: java.lang.NullPointerException: Cannot invoke "io.appium.java_client.android.AndroidDriver.quit()" because "this.driver" is null
		at ConsultarProdutoTest.tearDown(ConsultarProdutoTest.java:62)
		... 3 more
]]></error>
    <system-err><![CDATA[SLF4J: No SLF4J providers were found.
SLF4J: Defaulting to no-operation (NOP) logger implementation
SLF4J: See https://www.slf4j.org/codes.html#noProviders for further details.
]]></system-err>
  </testcase>
</testsuite>