<?xml version="1.0" encoding="UTF-8"?>
<testsuite xmlns:xsi="http://www.w3.org/2001/XMLSchema-instance" xsi:noNamespaceSchemaLocation="https://maven.apache.org/surefire/maven-surefire-plugin/xsd/surefire-test-report-3.0.xsd" version="3.0" name="TestUser" time="12.558" tests="7" errors="0" skipped="0" failures="0">
  <properties>
[...]
</properties>
  <testcase name="testPostUser" classname="TestUser" time="3.944">
    <system-out><![CDATA[Request method:	POST
Request URI:	https://petstore.swagger.io/v2/user
Proxy:			<none>
Request params:	<none>
Query params:	<none>
Form params:	<none>
Path params:	<none>
Headers:		Accept=*/*
				Content-Type=application/json
Cookies:		<none>
Multiparts:		<none>
Body:
{
    "id": 10,
    "username": "danillo",
    "firstName": "Danillo",
    "lastName": "Silva",
    "email": "danillo@email.com",
    "password": "honeypot",
    "phone": "123456789",
    "userStatus": 1
}
HTTP/1.1 200 OK
Date: Thu, 28 Aug 2025 03:43:30 GMT
Content-Type: application/json
Transfer-Encoding: chunked
Connection: keep-alive
Access-Control-Allow-Origin: *
Access-Control-Allow-Methods: GET, POST, DELETE, PUT
Access-Control-Allow-Headers: Content-Type, api_key, Authorization
Server: Jetty(9.2.9.v20150224)

{
    "code": 200,
    "type": "unknown",
    "message": "10"
}
]]></system-out>
  </testcase>
  <testcase name="testGetUser" classname="TestUser" time="0.844">
    <system-out><![CDATA[Request method:	GET
Request URI:	https://petstore.swagger.io/v2/user/danillo
Proxy:			<none>
Request params:	<none>
Query params:	<none>
Form params:	<none>
Path params:	<none>
Headers:		Accept=*/*
				Content-Type=application/json
Cookies:		<none>
Multiparts:		<none>
Body:			<none>
HTTP/1.1 200 OK
Date: Thu, 28 Aug 2025 03:43:31 GMT
Content-Type: application/json
Transfer-Encoding: chunked
Connection: keep-alive
Access-Control-Allow-Origin: *
Access-Control-Allow-Methods: GET, POST, DELETE, PUT
Access-Control-Allow-Headers: Content-Type, api_key, Authorization
Server: Jetty(9.2.9.v20150224)

{
    "id": 10,
    "username": "danillo",
    "firstName": "Danillo",
    "lastName": "Silva",
    "email": "danillo@email.com",
    "password": "honeypot",
    "phone": "987654321",
    "userStatus": 1
}
]]></system-out>
  </testcase>
  <testcase name="testPutUser" classname="TestUser" time="1.261">
    <system-out><![CDATA[Request method:	PUT
Request URI:	https://petstore.swagger.io/v2/user/danillo
Proxy:			<none>
Request params:	<none>
Query params:	<none>
Form params:	<none>
Path params:	<none>
Headers:		Accept=*/*
				Content-Type=application/json
Cookies:		<none>
Multiparts:		<none>
Body:
{
    "id": 10,
    "username": "danillo",
    "firstName": "Danillo",
    "lastName": "Silva",
    "email": "danillo@email.com",
    "password": "honeypot",
    "phone": "987654321",
    "userStatus": 1
}
HTTP/1.1 200 OK
Date: Thu, 28 Aug 2025 03:43:32 GMT
Content-Type: application/json
Transfer-Encoding: chunked
Connection: keep-alive
Access-Control-Allow-Origin: *
Access-Control-Allow-Methods: GET, POST, DELETE, PUT
Access-Control-Allow-Headers: Content-Type, api_key, Authorization
Server: Jetty(9.2.9.v20150224)

{
    "code": 200,
    "type": "unknown",
    "message": "10"
}
]]></system-out>
  </testcase>
  <testcase name="testDeleteUser" classname="TestUser" time="1.536">
    <system-out><![CDATA[Request method:	DELETE
Request URI:	https://petstore.swagger.io/v2/user/danillo
Proxy:			<none>
Request params:	<none>
Query params:	<none>
Form params:	<none>
Path params:	<none>
Headers:		Accept=*/*
				Content-Type=application/json
Cookies:		<none>
Multiparts:		<none>
Body:			<none>
HTTP/1.1 200 OK
Date: Thu, 28 Aug 2025 03:43:34 GMT
Content-Type: application/json
Transfer-Encoding: chunked
Connection: keep-alive
Access-Control-Allow-Origin: *
Access-Control-Allow-Methods: GET, POST, DELETE, PUT
Access-Control-Allow-Headers: Content-Type, api_key, Authorization
Server: Jetty(9.2.9.v20150224)

{
    "code": 200,
    "type": "unknown",
    "message": "danillo"
}
]]></system-out>
  </testcase>
  <testcase name="testPostUserDataDriven(int, String, String, String, String, String, String, int)[1]" classname="TestUser" time="1.505">
    <system-out><![CDATA[Request method:	POST
Request URI:	https://petstore.swagger.io/v2/user
Proxy:			<none>
Request params:	<none>
Query params:	<none>
Form params:	<none>
Path params:	<none>
Headers:		Accept=*/*
				Content-Type=application/json
Cookies:		<none>
Multiparts:		<none>
Body:
{
    "id": 11,
    "username": "joao",
    "firstName": "Joao",
    "lastName": "Souza",
    "email": "joao@email.com",
    "password": "senha123",
    "phone": "111111111",
    "userStatus": 1
}
HTTP/1.1 200 OK
Date: Thu, 28 Aug 2025 03:43:36 GMT
Content-Type: application/json
Transfer-Encoding: chunked
Connection: keep-alive
Access-Control-Allow-Origin: *
Access-Control-Allow-Methods: GET, POST, DELETE, PUT
Access-Control-Allow-Headers: Content-Type, api_key, Authorization
Server: Jetty(9.2.9.v20150224)

{
    "code": 200,
    "type": "unknown",
    "message": "11"
}
]]></system-out>
  </testcase>
  <testcase name="testPostUserDataDriven(int, String, String, String, String, String, String, int)[2]" classname="TestUser" time="1.739">
    <system-out><![CDATA[Request method:	POST
Request URI:	https://petstore.swagger.io/v2/user
Proxy:			<none>
Request params:	<none>
Query params:	<none>
Form params:	<none>
Path params:	<none>
Headers:		Accept=*/*
				Content-Type=application/json
Cookies:		<none>
Multiparts:		<none>
Body:
{
    "id": 12,
    "username": "maria",
    "firstName": "Maria",
    "lastName": "Oliveira",
    "email": "maria@email.com",
    "password": "senha456",
    "phone": "222222222",
    "userStatus": 1
}
HTTP/1.1 200 OK
Date: Thu, 28 Aug 2025 03:43:37 GMT
Content-Type: application/json
Transfer-Encoding: chunked
Connection: keep-alive
Access-Control-Allow-Origin: *
Access-Control-Allow-Methods: GET, POST, DELETE, PUT
Access-Control-Allow-Headers: Content-Type, api_key, Authorization
Server: Jetty(9.2.9.v20150224)

{
    "code": 200,
    "type": "unknown",
    "message": "12"
}
]]></system-out>
  </testcase>
  <testcase name="testPostUserDataDriven(int, String, String, String, String, String, String, int)[3]" classname="TestUser" time="1.537">
    <system-out><![CDATA[Request method:	POST
Request URI:	https://petstore.swagger.io/v2/user
Proxy:			<none>
Request params:	<none>
Query params:	<none>
Form params:	<none>
Path params:	<none>
Headers:		Accept=*/*
				Content-Type=application/json
Cookies:		<none>
Multiparts:		<none>
Body:
{
    "id": 13,
    "username": "ana",
    "firstName": "Ana",
    "lastName": "Pereira",
    "email": "ana@email.com",
    "password": "senha789",
    "phone": "333333333",
    "userStatus": 1
}
HTTP/1.1 200 OK
Date: Thu, 28 Aug 2025 03:43:39 GMT
Content-Type: application/json
Transfer-Encoding: chunked
Connection: keep-alive
Access-Control-Allow-Origin: *
Access-Control-Allow-Methods: GET, POST, DELETE, PUT
Access-Control-Allow-Headers: Content-Type, api_key, Authorization
Server: Jetty(9.2.9.v20150224)

{
    "code": 200,
    "type": "unknown",
    "message": "13"
}
]]></system-out>
  </testcase>
</testsuite>